<?xml version="1.0" encoding="UTF-8"?>
<!-- Generated by org.testng.reporters.JUnitXMLReporter -->
<testsuite hostname="Adams-MacBook-Pro.local" ignored="0" name="Chrome Tests" tests="8" failures="0" timestamp="03 Jul 2020 18:56:50 GMT" time="26.67" errors="0">
  <testcase name="LoginTest" time="1.23" classname="com.freecrm.TestCases.LoginPageTests"/>
  <testcase name="forgotPasswordTest" time="1.321" classname="com.freecrm.TestCases.LoginPageTests"/>
  <testcase name="invalidLoginTest" time="1.125" classname="com.freecrm.TestCases.LoginPageTests"/>
  <testcase name="searchFunctionalityTest" time="0.001" classname="com.freecrm.TestCases.DashboardPageTests"/>
  <testcase name="verifyDashboardCardsTest" time="0.0" classname="com.freecrm.TestCases.DashboardPageTests"/>
  <testcase name="verifyFreeAccountLinkTest" time="0.0" classname="com.freecrm.TestCases.DashboardPageTests"/>
  <testcase name="verifyUserNameTest" time="0.0" classname="com.freecrm.TestCases.DashboardPageTests"/>
  <testcase name="verifyEachSideBarLinkTest" time="0.0" classname="com.freecrm.TestCases.DashboardPageTests">
    <skipped/>
  </testcase> <!-- verifyEachSideBarLinkTest -->
</testsuite> <!-- Chrome Tests -->
