<?xml version="1.0" encoding="UTF-8"?>
<testng-results skipped="1" failed="0" ignored="0" total="8" passed="7">
  <reporter-output>
  </reporter-output>
  <suite name="Free Crm App Automation Test Suite" duration-ms="26670" started-at="2020-07-03T18:56:23Z" finished-at="2020-07-03T18:56:50Z">
    <groups>
    </groups>
    <test name="Chrome Tests" duration-ms="26670" started-at="2020-07-03T18:56:23Z" finished-at="2020-07-03T18:56:50Z">
      <class name="com.freecrm.TestCases.LoginPageTests">
        <test-method status="PASS" signature="setUp(java.lang.String)[pri:0, instance:com.freecrm.TestCases.LoginPageTests@276438c9]" name="setUp" is-config="true" duration-ms="3863" started-at="2020-07-03T18:56:23Z" finished-at="2020-07-03T18:56:27Z">
          <params>
            <param index="0">
              <value>
                <![CDATA[chrome]]>
              </value>
            </param>
          </params>
          <reporter-output>
          </reporter-output>
        </test-method> <!-- setUp -->
        <test-method status="PASS" signature="LoginTest()[pri:0, instance:com.freecrm.TestCases.LoginPageTests@276438c9]" name="LoginTest" duration-ms="1230" started-at="2020-07-03T18:56:27Z" finished-at="2020-07-03T18:56:29Z">
          <reporter-output>
          </reporter-output>
        </test-method> <!-- LoginTest -->
        <test-method status="PASS" signature="tearDown()[pri:0, instance:com.freecrm.TestCases.LoginPageTests@276438c9]" name="tearDown" is-config="true" duration-ms="96" started-at="2020-07-03T18:56:29Z" finished-at="2020-07-03T18:56:29Z">
          <reporter-output>
          </reporter-output>
        </test-method> <!-- tearDown -->
        <test-method status="PASS" signature="setUp(java.lang.String)[pri:0, instance:com.freecrm.TestCases.LoginPageTests@276438c9]" name="setUp" is-config="true" duration-ms="2849" started-at="2020-07-03T18:56:29Z" finished-at="2020-07-03T18:56:32Z">
          <params>
            <param index="0">
              <value>
                <![CDATA[chrome]]>
              </value>
            </param>
          </params>
          <reporter-output>
          </reporter-output>
        </test-method> <!-- setUp -->
        <test-method status="PASS" signature="forgotPasswordTest()[pri:0, instance:com.freecrm.TestCases.LoginPageTests@276438c9]" name="forgotPasswordTest" duration-ms="1321" started-at="2020-07-03T18:56:32Z" finished-at="2020-07-03T18:56:33Z">
          <reporter-output>
          </reporter-output>
        </test-method> <!-- forgotPasswordTest -->
        <test-method status="PASS" signature="tearDown()[pri:0, instance:com.freecrm.TestCases.LoginPageTests@276438c9]" name="tearDown" is-config="true" duration-ms="97" started-at="2020-07-03T18:56:33Z" finished-at="2020-07-03T18:56:33Z">
          <reporter-output>
          </reporter-output>
        </test-method> <!-- tearDown -->
        <test-method status="PASS" signature="setUp(java.lang.String)[pri:0, instance:com.freecrm.TestCases.LoginPageTests@276438c9]" name="setUp" is-config="true" duration-ms="3538" started-at="2020-07-03T18:56:33Z" finished-at="2020-07-03T18:56:36Z">
          <params>
            <param index="0">
              <value>
                <![CDATA[chrome]]>
              </value>
            </param>
          </params>
          <reporter-output>
          </reporter-output>
        </test-method> <!-- setUp -->
        <test-method status="PASS" signature="invalidLoginTest()[pri:0, instance:com.freecrm.TestCases.LoginPageTests@276438c9]" name="invalidLoginTest" duration-ms="1125" started-at="2020-07-03T18:56:36Z" finished-at="2020-07-03T18:56:38Z">
          <reporter-output>
          </reporter-output>
        </test-method> <!-- invalidLoginTest -->
        <test-method status="PASS" signature="tearDown()[pri:0, instance:com.freecrm.TestCases.LoginPageTests@276438c9]" name="tearDown" is-config="true" duration-ms="99" started-at="2020-07-03T18:56:38Z" finished-at="2020-07-03T18:56:38Z">
          <reporter-output>
          </reporter-output>
        </test-method> <!-- tearDown -->
      </class> <!-- com.freecrm.TestCases.LoginPageTests -->
      <class name="com.freecrm.TestCases.DashboardPageTests">
        <test-method status="PASS" signature="setUp(java.lang.String)[pri:0, instance:com.freecrm.TestCases.DashboardPageTests@588df31b]" name="setUp" is-config="true" duration-ms="2867" started-at="2020-07-03T18:56:38Z" finished-at="2020-07-03T18:56:41Z">
          <params>
            <param index="0">
              <value>
                <![CDATA[chrome]]>
              </value>
            </param>
          </params>
          <reporter-output>
          </reporter-output>
        </test-method> <!-- setUp -->
        <test-method status="PASS" signature="searchFunctionalityTest()[pri:0, instance:com.freecrm.TestCases.DashboardPageTests@588df31b]" name="searchFunctionalityTest" duration-ms="1" started-at="2020-07-03T18:56:41Z" finished-at="2020-07-03T18:56:41Z">
          <reporter-output>
          </reporter-output>
        </test-method> <!-- searchFunctionalityTest -->
        <test-method status="PASS" signature="tearDown()[pri:0, instance:com.freecrm.TestCases.DashboardPageTests@588df31b]" name="tearDown" is-config="true" duration-ms="85" started-at="2020-07-03T18:56:41Z" finished-at="2020-07-03T18:56:41Z">
          <reporter-output>
          </reporter-output>
        </test-method> <!-- tearDown -->
        <test-method status="PASS" signature="setUp(java.lang.String)[pri:0, instance:com.freecrm.TestCases.DashboardPageTests@588df31b]" name="setUp" is-config="true" duration-ms="2974" started-at="2020-07-03T18:56:41Z" finished-at="2020-07-03T18:56:44Z">
          <params>
            <param index="0">
              <value>
                <![CDATA[chrome]]>
              </value>
            </param>
          </params>
          <reporter-output>
          </reporter-output>
        </test-method> <!-- setUp -->
        <test-method status="PASS" signature="verifyDashboardCardsTest()[pri:0, instance:com.freecrm.TestCases.DashboardPageTests@588df31b]" name="verifyDashboardCardsTest" duration-ms="0" started-at="2020-07-03T18:56:44Z" finished-at="2020-07-03T18:56:44Z">
          <reporter-output>
          </reporter-output>
        </test-method> <!-- verifyDashboardCardsTest -->
        <test-method status="PASS" signature="tearDown()[pri:0, instance:com.freecrm.TestCases.DashboardPageTests@588df31b]" name="tearDown" is-config="true" duration-ms="87" started-at="2020-07-03T18:56:44Z" finished-at="2020-07-03T18:56:44Z">
          <reporter-output>
          </reporter-output>
        </test-method> <!-- tearDown -->
        <test-method status="PASS" signature="setUp(java.lang.String)[pri:0, instance:com.freecrm.TestCases.DashboardPageTests@588df31b]" name="setUp" is-config="true" duration-ms="3206" started-at="2020-07-03T18:56:44Z" finished-at="2020-07-03T18:56:47Z">
          <params>
            <param index="0">
              <value>
                <![CDATA[chrome]]>
              </value>
            </param>
          </params>
          <reporter-output>
          </reporter-output>
        </test-method> <!-- setUp -->
        <test-method status="PASS" signature="verifyFreeAccountLinkTest()[pri:0, instance:com.freecrm.TestCases.DashboardPageTests@588df31b]" name="verifyFreeAccountLinkTest" duration-ms="0" started-at="2020-07-03T18:56:47Z" finished-at="2020-07-03T18:56:47Z">
          <reporter-output>
          </reporter-output>
        </test-method> <!-- verifyFreeAccountLinkTest -->
        <test-method status="PASS" signature="tearDown()[pri:0, instance:com.freecrm.TestCases.DashboardPageTests@588df31b]" name="tearDown" is-config="true" duration-ms="90" started-at="2020-07-03T18:56:47Z" finished-at="2020-07-03T18:56:47Z">
          <reporter-output>
          </reporter-output>
        </test-method> <!-- tearDown -->
        <test-method status="PASS" signature="setUp(java.lang.String)[pri:0, instance:com.freecrm.TestCases.DashboardPageTests@588df31b]" name="setUp" is-config="true" duration-ms="3008" started-at="2020-07-03T18:56:47Z" finished-at="2020-07-03T18:56:50Z">
          <params>
            <param index="0">
              <value>
                <![CDATA[chrome]]>
              </value>
            </param>
          </params>
          <reporter-output>
          </reporter-output>
        </test-method> <!-- setUp -->
        <test-method status="PASS" signature="verifyUserNameTest()[pri:0, instance:com.freecrm.TestCases.DashboardPageTests@588df31b]" name="verifyUserNameTest" duration-ms="0" started-at="2020-07-03T18:56:50Z" finished-at="2020-07-03T18:56:50Z">
          <reporter-output>
          </reporter-output>
        </test-method> <!-- verifyUserNameTest -->
        <test-method status="PASS" signature="tearDown()[pri:0, instance:com.freecrm.TestCases.DashboardPageTests@588df31b]" name="tearDown" is-config="true" duration-ms="86" started-at="2020-07-03T18:56:50Z" finished-at="2020-07-03T18:56:50Z">
          <reporter-output>
          </reporter-output>
        </test-method> <!-- tearDown -->
        <test-method status="SKIP" signature="verifyEachSideBarLinkTest(java.lang.String, java.lang.String)[pri:4, instance:com.freecrm.TestCases.DashboardPageTests@588df31b]" name="verifyEachSideBarLinkTest" duration-ms="0" started-at="2020-07-03T18:56:50Z" data-provider="data-provider" finished-at="2020-07-03T18:56:50Z">
          <exception class="java.lang.RuntimeException">
            <message>
              <![CDATA[java.lang.NullPointerException]]>
            </message>
            <full-stacktrace>
              <![CDATA[java.lang.RuntimeException: java.lang.NullPointerException
at org.testng.internal.MethodInvocationHelper.invokeMethodNoCheckedException(MethodInvocationHelper.java:49)
at org.testng.internal.MethodInvocationHelper.invokeDataProvider(MethodInvocationHelper.java:131)
at org.testng.internal.Parameters.handleParameters(Parameters.java:706)
at org.testng.internal.ParameterHandler.handleParameters(ParameterHandler.java:49)
at org.testng.internal.ParameterHandler.createParameters(ParameterHandler.java:37)
at org.testng.internal.Invoker.invokeTestMethods(Invoker.java:924)
at org.testng.internal.TestMethodWorker.invokeTestMethods(TestMethodWorker.java:125)
at org.testng.internal.TestMethodWorker.run(TestMethodWorker.java:109)
at org.testng.TestRunner.privateRun(TestRunner.java:648)
at org.testng.TestRunner.run(TestRunner.java:505)
at org.testng.SuiteRunner.runTest(SuiteRunner.java:455)
at org.testng.SuiteRunner.access$000(SuiteRunner.java:40)
at org.testng.SuiteRunner$SuiteWorker.run(SuiteRunner.java:489)
at org.testng.internal.thread.ThreadUtil$1.call(ThreadUtil.java:52)
at java.util.concurrent.FutureTask.run(FutureTask.java:266)
at java.util.concurrent.ThreadPoolExecutor.runWorker(ThreadPoolExecutor.java:1149)
at java.util.concurrent.ThreadPoolExecutor$Worker.run(ThreadPoolExecutor.java:624)
at java.lang.Thread.run(Thread.java:748)
Caused by: java.lang.NullPointerException
at com.freecrm.Utilities.Xls_Reader.getRowCount(Xls_Reader.java:37)
at com.freecrm.Utilities.DataProviders.getData(DataProviders.java:22)
at sun.reflect.NativeMethodAccessorImpl.invoke0(Native Method)
at sun.reflect.NativeMethodAccessorImpl.invoke(NativeMethodAccessorImpl.java:62)
at sun.reflect.DelegatingMethodAccessorImpl.invoke(DelegatingMethodAccessorImpl.java:43)
at java.lang.reflect.Method.invoke(Method.java:498)
at org.testng.internal.MethodInvocationHelper.invokeMethod(MethodInvocationHelper.java:124)
at org.testng.internal.MethodInvocationHelper.invokeMethod(MethodInvocationHelper.java:74)
at org.testng.internal.MethodInvocationHelper.invokeMethodNoCheckedException(MethodInvocationHelper.java:45)
... 17 more
]]>
            </full-stacktrace>
          </exception> <!-- java.lang.RuntimeException -->
          <reporter-output>
          </reporter-output>
        </test-method> <!-- verifyEachSideBarLinkTest -->
      </class> <!-- com.freecrm.TestCases.DashboardPageTests -->
    </test> <!-- Chrome Tests -->
  </suite> <!-- Free Crm App Automation Test Suite -->
</testng-results>
